[13:03:09] [Client thread/INFO]: Setting user: Player633
[13:03:12] [Client thread/INFO]: LWJGL Version: 2.9.4
[13:03:15] [Client thread/INFO]: Reloading ResourceManager: Default, FMLFileResourcePack:Forge Mod Loader, FMLFileResourcePack:Minecraft Forge, FMLFileResourcePack:Blackart Mod
[13:03:15] [Client thread/ERROR]: Couldn't initialize twitch stream
[13:03:15] [Sound Library Loader/INFO]: Starting up SoundSystem...
[13:03:15] [Thread-8/INFO]: Initializing LWJGL OpenAL
[13:03:15] [Thread-8/INFO]: (The LWJGL binding of OpenAL.  For more information, see http://www.lwjgl.org)
[13:03:15] [Thread-8/INFO]: OpenAL initialized.
[13:03:16] [Sound Library Loader/INFO]: Sound engine started
[13:03:17] [Client thread/INFO]: Created: 16x16 textures-atlas
[13:03:18] [Client thread/INFO]: Reloading ResourceManager: Default, FMLFileResourcePack:Forge Mod Loader, FMLFileResourcePack:Minecraft Forge, FMLFileResourcePack:Blackart Mod
[13:03:18] [Client thread/INFO]: SoundSystem shutting down...
[13:03:19] [Client thread/WARN]: Author: Paul Lamb, www.paulscode.com
[13:03:19] [Sound Library Loader/INFO]: Starting up SoundSystem...
[13:03:19] [Thread-10/INFO]: Initializing LWJGL OpenAL
[13:03:19] [Thread-10/INFO]: (The LWJGL binding of OpenAL.  For more information, see http://www.lwjgl.org)
[13:03:19] [Thread-10/INFO]: OpenAL initialized.
[13:03:19] [Sound Library Loader/INFO]: Sound engine started
[13:03:20] [Client thread/INFO]: Created: 512x512 textures-atlas
[13:03:25] [Server thread/INFO]: Starting integrated minecraft server version 1.8.9
[13:03:25] [Server thread/INFO]: Generating keypair
[13:03:26] [Server thread/INFO]: Preparing start region for level 0
[13:03:27] [Server thread/INFO]: Preparing spawn area: 81%
[13:03:27] [Server thread/INFO]: Changing view distance to 12, from 10
[13:03:27] [Realms Notification Availability checker #1/INFO]: Could not authorize you against Realms server: Invalid session id
[13:03:30] [Server thread/INFO]: Player633[local:E:7d5d5be7] logged in with entity id 300 at (19.42095187537228, 85.0, 378.5228281930793)
[13:03:30] [Server thread/INFO]: Player633 joined the game
[13:03:31] [pool-2-thread-1/WARN]: Couldn't look up profile properties for com.mojang.authlib.GameProfile@30aaefa5[id=00b30fb1-4b45-3336-98e4-8adf600e5f5e,name=Player633,properties={},legacy=false]
com.mojang.authlib.exceptions.AuthenticationException: The client has sent too many requests within a certain amount of time
	at com.mojang.authlib.yggdrasil.YggdrasilAuthenticationService.makeRequest(YggdrasilAuthenticationService.java:65) ~[YggdrasilAuthenticationService.class:?]
	at com.mojang.authlib.yggdrasil.YggdrasilMinecraftSessionService.fillGameProfile(YggdrasilMinecraftSessionService.java:175) [YggdrasilMinecraftSessionService.class:?]
	at com.mojang.authlib.yggdrasil.YggdrasilMinecraftSessionService$1.load(YggdrasilMinecraftSessionService.java:59) [YggdrasilMinecraftSessionService$1.class:?]
	at com.mojang.authlib.yggdrasil.YggdrasilMinecraftSessionService$1.load(YggdrasilMinecraftSessionService.java:56) [YggdrasilMinecraftSessionService$1.class:?]
	at com.google.common.cache.LocalCache$LoadingValueReference.loadFuture(LocalCache.java:3524) [guava-17.0.jar:?]
	at com.google.common.cache.LocalCache$Segment.loadSync(LocalCache.java:2317) [guava-17.0.jar:?]
	at com.google.common.cache.LocalCache$Segment.lockedGetOrLoad(LocalCache.java:2280) [guava-17.0.jar:?]
	at com.google.common.cache.LocalCache$Segment.get(LocalCache.java:2195) [guava-17.0.jar:?]
	at com.google.common.cache.LocalCache.get(LocalCache.java:3934) [guava-17.0.jar:?]
	at com.google.common.cache.LocalCache.getOrLoad(LocalCache.java:3938) [guava-17.0.jar:?]
	at com.google.common.cache.LocalCache$LocalLoadingCache.get(LocalCache.java:4821) [guava-17.0.jar:?]
	at com.google.common.cache.LocalCache$LocalLoadingCache.getUnchecked(LocalCache.java:4827) [guava-17.0.jar:?]
	at com.mojang.authlib.yggdrasil.YggdrasilMinecraftSessionService.fillProfileProperties(YggdrasilMinecraftSessionService.java:165) [YggdrasilMinecraftSessionService.class:?]
	at net.minecraft.client.Minecraft.getProfileProperties(Minecraft.java:2951) [Minecraft.class:?]
	at net.minecraft.client.resources.SkinManager$3.run(SkinManager.java:130) [SkinManager$3.class:?]
	at java.util.concurrent.Executors$RunnableAdapter.call(Executors.java:511) [?:1.8.0_121]
	at java.util.concurrent.FutureTask.run(FutureTask.java:266) [?:1.8.0_121]
	at java.util.concurrent.ThreadPoolExecutor.runWorker(ThreadPoolExecutor.java:1142) [?:1.8.0_121]
	at java.util.concurrent.ThreadPoolExecutor$Worker.run(ThreadPoolExecutor.java:617) [?:1.8.0_121]
	at java.lang.Thread.run(Thread.java:745) [?:1.8.0_121]
[13:03:35] [Server thread/INFO]: Player633 has just earned the achievement [Taking Inventory]
[13:03:35] [Client thread/INFO]: [CHAT] Player633 has just earned the achievement [Taking Inventory]
[13:04:20] [Server thread/INFO]: [Player633: Set own game mode to Creative Mode]
[13:04:20] [Client thread/INFO]: [CHAT] Your game mode has been updated
[13:04:24] [Server thread/INFO]: [Player633: Set own game mode to Survival Mode]
[13:04:24] [Client thread/INFO]: [CHAT] Your game mode has been updated
[13:05:02] [Server thread/INFO]: Saving and pausing game...
[13:05:02] [Server thread/INFO]: Saving chunks for level 'New World'/Overworld
[13:05:02] [Server thread/INFO]: Saving chunks for level 'New World'/Nether
[13:05:02] [Server thread/INFO]: Saving chunks for level 'New World'/The End
[13:05:04] [Server thread/INFO]: Stopping server
[13:05:04] [Server thread/INFO]: Saving players
[13:05:04] [Server thread/INFO]: Saving worlds
[13:05:04] [Server thread/INFO]: Saving chunks for level 'New World'/Overworld
[13:05:04] [Server thread/INFO]: Saving chunks for level 'New World'/Nether
[13:05:04] [Server thread/INFO]: Saving chunks for level 'New World'/The End
[13:05:06] [Client thread/INFO]: Stopping!
[13:05:06] [Client thread/INFO]: SoundSystem shutting down...
[13:05:06] [Client thread/WARN]: Author: Paul Lamb, www.paulscode.com
